# JRE version: Java(TM) SE Runtime Environment (8.0_231-b11) (build 1.8.0_231-b11)
# Java VM: Java HotSpot(TM) 64-Bit Server VM (25.231-b11 mixed mode windows-amd64 compressed oops)
Heap:
 PSYoungGen      total 271872K, used 210342K [0x00000000d6180000, 0x00000000eae00000, 0x0000000100000000)
  eden space 258048K, 81% used [0x00000000d6180000,0x00000000e2ee9918,0x00000000e5d80000)
  from space 13824K, 0% used [0x00000000ea080000,0x00000000ea080000,0x00000000eae00000)
  to   space 9728K, 0% used [0x00000000e5d80000,0x00000000e5d80000,0x00000000e6700000)
 ParOldGen       total 75776K, used 14554K [0x0000000082400000, 0x0000000086e00000, 0x00000000d6180000)
  object space 75776K, 19% used [0x0000000082400000,0x0000000083236878,0x0000000086e00000)
 Metaspace       used 44131K, capacity 46904K, committed 47104K, reserved 1089536K
  class space    used 6082K, capacity 6605K, committed 6656K, reserved 1048576K
GC Heap History (10 events):
Event: 2.503 GC heap before
{Heap before GC invocations=8 (full 1):
 PSYoungGen      total 139264K, used 5055K [0x00000000d6180000, 0x00000000e7080000, 0x0000000100000000)
  eden space 130048K, 0% used [0x00000000d6180000,0x00000000d6180000,0x00000000de080000)
  from space 9216K, 54% used [0x00000000de080000,0x00000000de56fe48,0x00000000de980000)
  to   space 8704K, 0% used [0x00000000e6800000,0x00000000e6800000,0x00000000e7080000)
 ParOldGen       total 86016K, used 4486K [0x0000000082400000, 0x0000000087800000, 0x00000000d6180000)
  object space 86016K, 5% used [0x0000000082400000,0x0000000082861980,0x0000000087800000)
 Metaspace       used 20258K, capacity 21234K, committed 21296K, reserved 1067008K
  class space    used 2684K, capacity 2898K, committed 2944K, reserved 1048576K
Event: 2.533 GC heap after
Heap after GC invocations=8 (full 1):
 PSYoungGen      total 139264K, used 0K [0x00000000d6180000, 0x00000000e7080000, 0x0000000100000000)
  eden space 130048K, 0% used [0x00000000d6180000,0x00000000d6180000,0x00000000de080000)
  from space 9216K, 0% used [0x00000000de080000,0x00000000de080000,0x00000000de980000)
  to   space 8704K, 0% used [0x00000000e6800000,0x00000000e6800000,0x00000000e7080000)
 ParOldGen       total 51200K, used 6861K [0x0000000082400000, 0x0000000085600000, 0x00000000d6180000)
  object space 51200K, 13% used [0x0000000082400000,0x0000000082ab34b0,0x0000000085600000)
 Metaspace       used 20258K, capacity 21234K, committed 21296K, reserved 1067008K
  class space    used 2684K, capacity 2898K, committed 2944K, reserved 1048576K
}
Event: 3.311 GC heap before
{Heap before GC invocations=9 (full 1):
 PSYoungGen      total 139264K, used 130048K [0x00000000d6180000, 0x00000000e7080000, 0x0000000100000000)
  eden space 130048K, 100% used [0x00000000d6180000,0x00000000de080000,0x00000000de080000)
  from space 9216K, 0% used [0x00000000de080000,0x00000000de080000,0x00000000de980000)
  to   space 8704K, 0% used [0x00000000e6800000,0x00000000e6800000,0x00000000e7080000)
 ParOldGen       total 51200K, used 6861K [0x0000000082400000, 0x0000000085600000, 0x00000000d6180000)
  object space 51200K, 13% used [0x0000000082400000,0x0000000082ab34b0,0x0000000085600000)
 Metaspace       used 24704K, capacity 25770K, committed 26112K, reserved 1071104K
  class space    used 3233K, capacity 3477K, committed 3584K, reserved 1048576K
Event: 3.328 GC heap after
Heap after GC invocations=9 (full 1):
 PSYoungGen      total 231936K, used 8204K [0x00000000d6180000, 0x00000000e7080000, 0x0000000100000000)
  eden space 223232K, 0% used [0x00000000d6180000,0x00000000d6180000,0x00000000e3b80000)
  from space 8704K, 94% used [0x00000000e6800000,0x00000000e7003018,0x00000000e7080000)
  to   space 9728K, 0% used [0x00000000e5d80000,0x00000000e5d80000,0x00000000e6700000)
 ParOldGen       total 51200K, used 6869K [0x0000000082400000, 0x0000000085600000, 0x00000000d6180000)
  object space 51200K, 13% used [0x0000000082400000,0x0000000082ab54b0,0x0000000085600000)
 Metaspace       used 24704K, capacity 25770K, committed 26112K, reserved 1071104K
  class space    used 3233K, capacity 3477K, committed 3584K, reserved 1048576K
}
Event: 6.135 GC heap before
{Heap before GC invocations=10 (full 1):
 PSYoungGen      total 231936K, used 231436K [0x00000000d6180000, 0x00000000e7080000, 0x0000000100000000)
  eden space 223232K, 100% used [0x00000000d6180000,0x00000000e3b80000,0x00000000e3b80000)
  from space 8704K, 94% used [0x00000000e6800000,0x00000000e7003018,0x00000000e7080000)
  to   space 9728K, 0% used [0x00000000e5d80000,0x00000000e5d80000,0x00000000e6700000)
 ParOldGen       total 51200K, used 6869K [0x0000000082400000, 0x0000000085600000, 0x00000000d6180000)
  object space 51200K, 13% used [0x0000000082400000,0x0000000082ab54b0,0x0000000085600000)
 Metaspace       used 32352K, capacity 33996K, committed 34048K, reserved 1079296K
  class space    used 4263K, capacity 4600K, committed 4608K, reserved 1048576K
Event: 6.149 GC heap after
Heap after GC invocations=10 (full 1):
 PSYoungGen      total 267776K, used 9707K [0x00000000d6180000, 0x00000000eae00000, 0x0000000100000000)
  eden space 258048K, 0% used [0x00000000d6180000,0x00000000d6180000,0x00000000e5d80000)
  from space 9728K, 99% used [0x00000000e5d80000,0x00000000e66fadc8,0x00000000e6700000)
  to   space 13824K, 0% used [0x00000000ea080000,0x00000000ea080000,0x00000000eae00000)
 ParOldGen       total 51200K, used 14126K [0x0000000082400000, 0x0000000085600000, 0x00000000d6180000)
  object space 51200K, 27% used [0x0000000082400000,0x00000000831cb888,0x0000000085600000)
 Metaspace       used 32352K, capacity 33996K, committed 34048K, reserved 1079296K
  class space    used 4263K, capacity 4600K, committed 4608K, reserved 1048576K
}
Event: 6.547 GC heap before
{Heap before GC invocations=11 (full 1):
 PSYoungGen      total 267776K, used 38911K [0x00000000d6180000, 0x00000000eae00000, 0x0000000100000000)
  eden space 258048K, 11% used [0x00000000d6180000,0x00000000d7e05118,0x00000000e5d80000)
  from space 9728K, 99% used [0x00000000e5d80000,0x00000000e66fadc8,0x00000000e6700000)
  to   space 13824K, 0% used [0x00000000ea080000,0x00000000ea080000,0x00000000eae00000)
 ParOldGen       total 51200K, used 14126K [0x0000000082400000, 0x0000000085600000, 0x00000000d6180000)
  object space 51200K, 27% used [0x0000000082400000,0x00000000831cb888,0x0000000085600000)
 Metaspace       used 33637K, capacity 35416K, committed 35496K, reserved 1079296K
  class space    used 4467K, capacity 4816K, committed 4864K, reserved 1048576K
Event: 6.555 GC heap after
Heap after GC invocations=11 (full 1):
 PSYoungGen      total 271872K, used 7442K [0x00000000d6180000, 0x00000000eae00000, 0x0000000100000000)
  eden space 258048K, 0% used [0x00000000d6180000,0x00000000d6180000,0x00000000e5d80000)
  from space 13824K, 53% used [0x00000000ea080000,0x00000000ea7c4b58,0x00000000eae00000)
  to   space 9728K, 0% used [0x00000000e5d80000,0x00000000e5d80000,0x00000000e6700000)
 ParOldGen       total 51200K, used 16571K [0x0000000082400000, 0x0000000085600000, 0x00000000d6180000)
  object space 51200K, 32% used [0x0000000082400000,0x000000008342ec48,0x0000000085600000)
 Metaspace       used 33637K, capacity 35416K, committed 35496K, reserved 1079296K
  class space    used 4467K, capacity 4816K, committed 4864K, reserved 1048576K
}
Event: 6.555 GC heap before
{Heap before GC invocations=12 (full 2):
 PSYoungGen      total 271872K, used 7442K [0x00000000d6180000, 0x00000000eae00000, 0x0000000100000000)
  eden space 258048K, 0% used [0x00000000d6180000,0x00000000d6180000,0x00000000e5d80000)
  from space 13824K, 53% used [0x00000000ea080000,0x00000000ea7c4b58,0x00000000eae00000)
  to   space 9728K, 0% used [0x00000000e5d80000,0x00000000e5d80000,0x00000000e6700000)
 ParOldGen       total 51200K, used 16571K [0x0000000082400000, 0x0000000085600000, 0x00000000d6180000)
  object space 51200K, 32% used [0x0000000082400000,0x000000008342ec48,0x0000000085600000)
 Metaspace       used 33637K, capacity 35416K, committed 35496K, reserved 1079296K
  class space    used 4467K, capacity 4816K, committed 4864K, reserved 1048576K
Event: 6.601 GC heap after
Heap after GC invocations=12 (full 2):
 PSYoungGen      total 271872K, used 0K [0x00000000d6180000, 0x00000000eae00000, 0x0000000100000000)
  eden space 258048K, 0% used [0x00000000d6180000,0x00000000d6180000,0x00000000e5d80000)
  from space 13824K, 0% used [0x00000000ea080000,0x00000000ea080000,0x00000000eae00000)
  to   space 9728K, 0% used [0x00000000e5d80000,0x00000000e5d80000,0x00000000e6700000)
 ParOldGen       total 75776K, used 14554K [0x0000000082400000, 0x0000000086e00000, 0x00000000d6180000)
  object space 75776K, 19% used [0x0000000082400000,0x0000000083236878,0x0000000086e00000)
 Metaspace       used 33637K, capacity 35416K, committed 35496K, reserved 1079296K
  class space    used 4467K, capacity 4816K, committed 4864K, reserved 1048576K
}

