# JRE version: Java(TM) SE Runtime Environment (8.0_231-b11) (build 1.8.0_231-b11)
# Java VM: Java HotSpot(TM) 64-Bit Server VM (25.231-b11 mixed mode windows-amd64 compressed oops)
Heap:
 PSYoungGen      total 34816K, used 23701K [0x00000000d6180000, 0x00000000daa00000, 0x0000000100000000)
  eden space 29696K, 70% used [0x00000000d6180000,0x00000000d7605010,0x00000000d7e80000)
  from space 5120K, 52% used [0x00000000d8680000,0x00000000d89205e8,0x00000000d8b80000)
  to   space 8192K, 0% used [0x00000000d7e80000,0x00000000d7e80000,0x00000000d8680000)
 ParOldGen       total 48640K, used 5516K [0x0000000082400000, 0x0000000085380000, 0x00000000d6180000)
  object space 48640K, 11% used [0x0000000082400000,0x0000000082963250,0x0000000085380000)
 Metaspace       used 22436K, capacity 24210K, committed 24448K, reserved 1071104K
  class space    used 3115K, capacity 3447K, committed 3456K, reserved 1048576K
GC Heap History (10 events):
Event: 2.170 GC heap before
{Heap before GC invocations=3 (full 0):
 PSYoungGen      total 37888K, used 37865K [0x00000000d6180000, 0x00000000d8b80000, 0x0000000100000000)
  eden space 32768K, 100% used [0x00000000d6180000,0x00000000d8180000,0x00000000d8180000)
  from space 5120K, 99% used [0x00000000d8680000,0x00000000d8b7a788,0x00000000d8b80000)
  to   space 5120K, 0% used [0x00000000d8180000,0x00000000d8180000,0x00000000d8680000)
 ParOldGen       total 86016K, used 514K [0x0000000082400000, 0x0000000087800000, 0x00000000d6180000)
  object space 86016K, 0% used [0x0000000082400000,0x0000000082480a60,0x0000000087800000)
 Metaspace       used 15795K, capacity 17102K, committed 17280K, reserved 1064960K
  class space    used 2034K, capacity 2313K, committed 2432K, reserved 1048576K
Event: 2.178 GC heap after
Heap after GC invocations=3 (full 0):
 PSYoungGen      total 37888K, used 5106K [0x00000000d6180000, 0x00000000d8b80000, 0x0000000100000000)
  eden space 32768K, 0% used [0x00000000d6180000,0x00000000d6180000,0x00000000d8180000)
  from space 5120K, 99% used [0x00000000d8180000,0x00000000d867c8d0,0x00000000d8680000)
  to   space 5120K, 0% used [0x00000000d8680000,0x00000000d8680000,0x00000000d8b80000)
 ParOldGen       total 86016K, used 1703K [0x0000000082400000, 0x0000000087800000, 0x00000000d6180000)
  object space 86016K, 1% used [0x0000000082400000,0x00000000825a9fd0,0x0000000087800000)
 Metaspace       used 15795K, capacity 17102K, committed 17280K, reserved 1064960K
  class space    used 2034K, capacity 2313K, committed 2432K, reserved 1048576K
}
Event: 2.534 GC heap before
{Heap before GC invocations=4 (full 0):
 PSYoungGen      total 37888K, used 37874K [0x00000000d6180000, 0x00000000d8b80000, 0x0000000100000000)
  eden space 32768K, 100% used [0x00000000d6180000,0x00000000d8180000,0x00000000d8180000)
  from space 5120K, 99% used [0x00000000d8180000,0x00000000d867c8d0,0x00000000d8680000)
  to   space 5120K, 0% used [0x00000000d8680000,0x00000000d8680000,0x00000000d8b80000)
 ParOldGen       total 86016K, used 1703K [0x0000000082400000, 0x0000000087800000, 0x00000000d6180000)
  object space 86016K, 1% used [0x0000000082400000,0x00000000825a9fd0,0x0000000087800000)
 Metaspace       used 18850K, capacity 20506K, committed 20736K, reserved 1067008K
  class space    used 2482K, capacity 2789K, committed 2816K, reserved 1048576K
Event: 2.540 GC heap after
Heap after GC invocations=4 (full 0):
 PSYoungGen      total 37888K, used 5119K [0x00000000d6180000, 0x00000000d8b80000, 0x0000000100000000)
  eden space 32768K, 0% used [0x00000000d6180000,0x00000000d6180000,0x00000000d8180000)
  from space 5120K, 99% used [0x00000000d8680000,0x00000000d8b7fcb0,0x00000000d8b80000)
  to   space 5120K, 0% used [0x00000000d8180000,0x00000000d8180000,0x00000000d8680000)
 ParOldGen       total 86016K, used 3759K [0x0000000082400000, 0x0000000087800000, 0x00000000d6180000)
  object space 86016K, 4% used [0x0000000082400000,0x00000000827abea8,0x0000000087800000)
 Metaspace       used 18850K, capacity 20506K, committed 20736K, reserved 1067008K
  class space    used 2482K, capacity 2789K, committed 2816K, reserved 1048576K
}
Event: 2.583 GC heap before
{Heap before GC invocations=5 (full 0):
 PSYoungGen      total 37888K, used 15292K [0x00000000d6180000, 0x00000000d8b80000, 0x0000000100000000)
  eden space 32768K, 31% used [0x00000000d6180000,0x00000000d6b6f518,0x00000000d8180000)
  from space 5120K, 99% used [0x00000000d8680000,0x00000000d8b7fcb0,0x00000000d8b80000)
  to   space 5120K, 0% used [0x00000000d8180000,0x00000000d8180000,0x00000000d8680000)
 ParOldGen       total 86016K, used 3759K [0x0000000082400000, 0x0000000087800000, 0x00000000d6180000)
  object space 86016K, 4% used [0x0000000082400000,0x00000000827abea8,0x0000000087800000)
 Metaspace       used 19603K, capacity 21240K, committed 21296K, reserved 1067008K
  class space    used 2618K, capacity 2928K, committed 2944K, reserved 1048576K
Event: 2.587 GC heap after
Heap after GC invocations=5 (full 0):
 PSYoungGen      total 37888K, used 5119K [0x00000000d6180000, 0x00000000d8b80000, 0x0000000100000000)
  eden space 32768K, 0% used [0x00000000d6180000,0x00000000d6180000,0x00000000d8180000)
  from space 5120K, 99% used [0x00000000d8180000,0x00000000d867fc90,0x00000000d8680000)
  to   space 5120K, 0% used [0x00000000d8680000,0x00000000d8680000,0x00000000d8b80000)
 ParOldGen       total 86016K, used 4299K [0x0000000082400000, 0x0000000087800000, 0x00000000d6180000)
  object space 86016K, 4% used [0x0000000082400000,0x0000000082832e60,0x0000000087800000)
 Metaspace       used 19603K, capacity 21240K, committed 21296K, reserved 1067008K
  class space    used 2618K, capacity 2928K, committed 2944K, reserved 1048576K
}
Event: 2.587 GC heap before
{Heap before GC invocations=6 (full 1):
 PSYoungGen      total 37888K, used 5119K [0x00000000d6180000, 0x00000000d8b80000, 0x0000000100000000)
  eden space 32768K, 0% used [0x00000000d6180000,0x00000000d6180000,0x00000000d8180000)
  from space 5120K, 99% used [0x00000000d8180000,0x00000000d867fc90,0x00000000d8680000)
  to   space 5120K, 0% used [0x00000000d8680000,0x00000000d8680000,0x00000000d8b80000)
 ParOldGen       total 86016K, used 4299K [0x0000000082400000, 0x0000000087800000, 0x00000000d6180000)
  object space 86016K, 4% used [0x0000000082400000,0x0000000082832e60,0x0000000087800000)
 Metaspace       used 19603K, capacity 21240K, committed 21296K, reserved 1067008K
  class space    used 2618K, capacity 2928K, committed 2944K, reserved 1048576K
Event: 2.607 GC heap after
Heap after GC invocations=6 (full 1):
 PSYoungGen      total 37888K, used 0K [0x00000000d6180000, 0x00000000d8b80000, 0x0000000100000000)
  eden space 32768K, 0% used [0x00000000d6180000,0x00000000d6180000,0x00000000d8180000)
  from space 5120K, 0% used [0x00000000d8180000,0x00000000d8180000,0x00000000d8680000)
  to   space 5120K, 0% used [0x00000000d8680000,0x00000000d8680000,0x00000000d8b80000)
 ParOldGen       total 48640K, used 5508K [0x0000000082400000, 0x0000000085380000, 0x00000000d6180000)
  object space 48640K, 11% used [0x0000000082400000,0x0000000082961250,0x0000000085380000)
 Metaspace       used 19603K, capacity 21240K, committed 21296K, reserved 1067008K
  class space    used 2618K, capacity 2928K, committed 2944K, reserved 1048576K
}
Event: 2.754 GC heap before
{Heap before GC invocations=7 (full 1):
 PSYoungGen      total 37888K, used 32768K [0x00000000d6180000, 0x00000000d8b80000, 0x0000000100000000)
  eden space 32768K, 100% used [0x00000000d6180000,0x00000000d8180000,0x00000000d8180000)
  from space 5120K, 0% used [0x00000000d8180000,0x00000000d8180000,0x00000000d8680000)
  to   space 5120K, 0% used [0x00000000d8680000,0x00000000d8680000,0x00000000d8b80000)
 ParOldGen       total 48640K, used 5508K [0x0000000082400000, 0x0000000085380000, 0x00000000d6180000)
  object space 48640K, 11% used [0x0000000082400000,0x0000000082961250,0x0000000085380000)
 Metaspace       used 21499K, capacity 23188K, committed 23296K, reserved 1069056K
  class space    used 2968K, capacity 3308K, committed 3328K, reserved 1048576K
Event: 2.756 GC heap after
Heap after GC invocations=7 (full 1):
 PSYoungGen      total 34816K, used 2689K [0x00000000d6180000, 0x00000000daa00000, 0x0000000100000000)
  eden space 29696K, 0% used [0x00000000d6180000,0x00000000d6180000,0x00000000d7e80000)
  from space 5120K, 52% used [0x00000000d8680000,0x00000000d89205e8,0x00000000d8b80000)
  to   space 8192K, 0% used [0x00000000d7e80000,0x00000000d7e80000,0x00000000d8680000)
 ParOldGen       total 48640K, used 5516K [0x0000000082400000, 0x0000000085380000, 0x00000000d6180000)
  object space 48640K, 11% used [0x0000000082400000,0x0000000082963250,0x0000000085380000)
 Metaspace       used 21499K, capacity 23188K, committed 23296K, reserved 1069056K
  class space    used 2968K, capacity 3308K, committed 3328K, reserved 1048576K
}

